Name: waffle, Email: suruizshantina@gmail.com, Phone: 123, Car Model: asd123, Date: 2024-11-26, Time: 5:00 PM, Services: Car Audio Systems, Paint & Wraps, Brake Check
Name: waffle, Email: suruizshantina@gmail.com, Phone: 123, Car Model: asd123, Date: 2024-11-26, Time: 5:00 PM, Services: Car Audio Systems, Paint & Wraps, Brake Check
Name: waffle, Email: suruizshantina@gmail.com, Phone: 123, Car Model: asd123, Date: 2024-11-26, Time: 5:00 PM, Services: Car Audio Systems, Paint & Wraps, Brake Check
Name: waffle, Email: suruizshantina@gmail.com, Phone: 123, Car Model: abc123, Date: 2024-11-26, Time: 5:00 PM, Services: Window Tinting, Paint & Wraps, Battery Replacement
Name: tryqlang, Email: suruizshantina@gmail.com, Phone: 123, Car Model: abc123, Date: 2024-11-26, Time: 5:00 PM, Services: Window Tinting, Paint & Wraps, Battery Replacement
Name: toffee, Email: toffee@gmail.com, Phone: 0123456, Car Model: civic2023, Date: 2024-11-26, Time: 5:00 PM, Services: GPS & Navigation Systems, Wheels & Rims, Detailing
Name: toffee, Email: toffee@gmail.com, Phone: 0123456, Car Model: civic2023, Date: 2024-11-26, Time: 5:00 PM, Services: GPS & Navigation Systems, Wheels & Rims, Detailing
Name: tryulit, Email: try@gmail.com, Phone: 123, Car Model: fortuner, Date: 2024-11-26, Time: 5:00 PM, Services: Window Tinting, Wheels & Rims, Detailing, Oil Change
Name: trytrytry, Email: try@gmail.com, Phone: 123, Car Model: fortuner, Date: 2024-11-14, Time: 11:00 AM, Services: LED Lighting Kits, Body Kits, Tire Rotation
Name: tryhehe, Email: try@gmail.com, Phone: 8763452, Car Model: fortuner, Date: 2024-11-22, Time: 4:00 PM, Services: Car Audio Systems, Performance Upgrades, Brake Check, Battery Replacement
Name: a, Email: a@gmail.com, Phone: a, Car Model: a, Date: 2024-11-26, Time: 5:00 PM, Services: Car Audio Systems
Name: waffle, Email: suruizshantina@gmail.com, Phone: 3456234, Car Model: asd123, Date: 2024-11-26, Time: 4:00 PM, Services: Window Tinting
Name: a, Email: unclezam@yahoo.com, Phone: 3456234, Car Model: abc123, Date: 2024-11-13, Time: 3:00 PM, Services: Car Audio Systems, Paint & Wraps, Brake Check
Name: waffle, Email: suruizshantina@gmail.com, Phone: 123, Car Model: abc123, Date: 2024-11-13, Time: 4:00 PM, Services: Window Tinting
Name: a, Email: suruizshantina@gmail.com, Phone: 8763452, Car Model: fortuner, Date: 2024-11-27, Time: 4:00 PM, Services: Window Tinting, Performance Upgrades
Name: a, Email: a@gmail.com, Phone: a, Car Model: a, Date: 2024-11-27, Time: 5:00 PM, Services: Window Tinting
First Name: Shantina, Last Name: Suruiz, Middle Name: Reyes, Email: suruizshantina@gmail.com, Address: Sta Monica, Phone: 123, Car Model: fortuner, Date: 2024-11-27, Time: 4:00 PM, Services: Paint & Wraps
First Name: Shantina, Last Name: Suruiz, Middle Name: Reyes, Email: suruizshantina@gmail.com, Address: Sta Monica, Phone: 123, Car Model: abc123, Date: 2024-11-27, Time: 5:00 PM, Services: Window Tinting
Name: ,  Email: suruizshantina@gmail.com, Phone: 123, Car Model: abc123, Date: 2024-11-27, Time: 5:00 PM, Services: Car Audio Systems
Name: ,  Email: suruizshantina@gmail.com, Phone: 123, Car Model: abc123, Date: 2024-11-27, Time: 5:00 PM, Services: Window Tinting
Name: waffle, Email: suruizshantina@gmail.com, Phone: 123, Car Model: abc123, Date: 2024-11-27, Time: 5:00 PM, Services: Custom Upholstery
First Name: a, Last Name: a, Middle Name: a, Email: a@gmail.com, Address: a, Phone: a, Car Model: a, Date: 2024-11-27, Time: 1:00 PM, Services: Window Tinting
First Name: rui, Last Name: tokito, Middle Name: nanakusa, Email: ewan@gmail.com, Address: Tokyo, Japan, Phone: 123456789, Car Model: walangcar, Date: 2024-11-27, Time: 2:00 PM, Services: Car Audio Systems
First Name: rui, Last Name: tokito, Middle Name: nanakusa, Email: try@gmail.com, Address: Tokyo, Japan, Phone: 0123456, Car Model: walangcar, Date: 2024-11-28, Time: 2:00 PM, Services: Window Tinting
First Name: rui, Last Name: tokito, Middle Name: nanakusa, Email: try@gmail.com, Address: Tokyo, Japan, Phone: 0123456, Car Model: walangcar, Date: 2024-11-28, Time: 12:00 PM, Services: Window Tinting
First Name: rui, Last Name: tokito, Middle Name: nanakusa, Email: a@gmail.com, Address: Tokyo, Japan, Phone: 0123456, Car Model: walangcar, Date: 2024-11-28, Time: 1:00 PM, Services: Window Tinting
First Name: a, Last Name: a, Middle Name: a, Email: a@gmail.com, Address: a, Phone: a, Car Model: a, Date: 2024-11-28, Time: 2:00 PM, Services: Car Audio Systems
First Name: rui, Last Name: tokito, Middle Name: nanakusa, Email: suruizshantina@gmail.com, Address: Tokyo, Japan, Phone: 123, Car Model: abc123, Date: 2024-11-28, Time: 12:00 PM, Services: SRV01
